[2020-05-24 14:55:17] local.ERROR: Call to a member function delete() on null {"exception":"[object] (Error(code: 0): Call to a member function delete() on null at C:\\laragon\\www\\laravue\\app\\Http\\Controllers\\TaskController.php:94)
[stacktrace]
#0 [internal function]: App\\Http\\Controllers\\TaskController->destroy('11')
#1 C:\\laragon\\www\\laravue\\vendor\\laravel\\framework\\src\\Illuminate\\Routing\\Controller.php(54): call_user_func_array(Array, Array)
#2 C:\\laragon\\www\\laravue\\vendor\\laravel\\framework\\src\\Illuminate\\Routing\\ControllerDispatcher.php(45): Illuminate\\Routing\\Controller->callAction('destroy', Array)
#3 C:\\laragon\\www\\laravue\\vendor\\laravel\\framework\\src\\Illuminate\\Routing\\Route.php(239): Illuminate\\Routing\\ControllerDispatcher->dispatch(Object(Illuminate\\Routing\\Route), Object(App\\Http\\Controllers\\TaskController), 'destroy')
#4 C:\\laragon\\www\\laravue\\vendor\\laravel\\framework\\src\\Illuminate\\Routing\\Route.php(196): Illuminate\\Routing\\Route->runController()
#5 C:\\laragon\\www\\laravue\\vendor\\laravel\\framework\\src\\Illuminate\\Routing\\Router.php(685): Illuminate\\Routing\\Route->run()
#6 C:\\laragon\\www\\laravue\\vendor\\laravel\\framework\\src\\Illuminate\\Pipeline\\Pipeline.php(128): Illuminate\\Routing\\Router->Illuminate\\Routing\\{closure}(Object(Illuminate\\Http\\Request))
#7 C:\\laragon\\www\\laravue\\vendor\\laravel\\framework\\src\\Illuminate\\Routing\\Middleware\\SubstituteBindings.php(41): Illuminate\\Pipeline\\Pipeline->Illuminate\\Pipeline\\{closure}(Object(Illuminate\\Http\\Request))
#8 C:\\laragon\\www\\laravue\\vendor\\laravel\\framework\\src\\Illuminate\\Pipeline\\Pipeline.php(167): Illuminate\\Routing\\Middleware\\SubstituteBindings->handle(Object(Illuminate\\Http\\Request), Object(Closure))
#9 C:\\laragon\\www\\laravue\\vendor\\laravel\\framework\\src\\Illuminate\\Foundation\\Http\\Middleware\\VerifyCsrfToken.php(76): Illuminate\\Pipeline\\Pipeline->Illuminate\\Pipeline\\{closure}(Object(Illuminate\\Http\\Request))
#10 C:\\laragon\\www\\laravue\\vendor\\laravel\\framework\\src\\Illuminate\\Pipeline\\Pipeline.php(167): Illuminate\\Foundation\\Http\\Middleware\\VerifyCsrfToken->handle(Object(Illuminate\\Http\\Request), Object(Closure))
#11 C:\\laragon\\www\\laravue\\vendor\\laravel\\framework\\src\\Illuminate\\View\\Middleware\\ShareErrorsFromSession.php(49): Illuminate\\Pipeline\\Pipeline->Illuminate\\Pipeline\\{closure}(Object(Illuminate\\Http\\Request))
#12 C:\\laragon\\www\\laravue\\vendor\\laravel\\framework\\src\\Illuminate\\Pipeline\\Pipeline.php(167): Illuminate\\View\\Middleware\\ShareErrorsFromSession->handle(Object(Illuminate\\Http\\Request), Object(Closure))
#13 C:\\laragon\\www\\laravue\\vendor\\laravel\\framework\\src\\Illuminate\\Session\\Middleware\\StartSession.php(116): Illuminate\\Pipeline\\Pipeline->Illuminate\\Pipeline\\{closure}(Object(Illuminate\\Http\\Request))
#14 C:\\laragon\\www\\laravue\\vendor\\laravel\\framework\\src\\Illuminate\\Session\\Middleware\\StartSession.php(62): Illuminate\\Session\\Middleware\\StartSession->handleStatefulRequest(Object(Illuminate\\Http\\Request), Object(Illuminate\\Session\\Store), Object(Closure))
#15 C:\\laragon\\www\\laravue\\vendor\\laravel\\framework\\src\\Illuminate\\Pipeline\\Pipeline.php(167): Illuminate\\Session\\Middleware\\StartSession->handle(Object(Illuminate\\Http\\Request), Object(Closure))
#16 C:\\laragon\\www\\laravue\\vendor\\laravel\\framework\\src\\Illuminate\\Cookie\\Middleware\\AddQueuedCookiesToResponse.php(37): Illuminate\\Pipeline\\Pipeline->Illuminate\\Pipeline\\{closure}(Object(Illuminate\\Http\\Request))
#17 C:\\laragon\\www\\laravue\\vendor\\laravel\\framework\\src\\Illuminate\\Pipeline\\Pipeline.php(167): Illuminate\\Cookie\\Middleware\\AddQueuedCookiesToResponse->handle(Object(Illuminate\\Http\\Request), Object(Closure))
#18 C:\\laragon\\www\\laravue\\vendor\\laravel\\framework\\src\\Illuminate\\Cookie\\Middleware\\EncryptCookies.php(66): Illuminate\\Pipeline\\Pipeline->Illuminate\\Pipeline\\{closure}(Object(Illuminate\\Http\\Request))
#19 C:\\laragon\\www\\laravue\\vendor\\laravel\\framework\\src\\Illuminate\\Pipeline\\Pipeline.php(167): Illuminate\\Cookie\\Middleware\\EncryptCookies->handle(Object(Illuminate\\Http\\Request), Object(Closure))
#20 C:\\laragon\\www\\laravue\\vendor\\laravel\\framework\\src\\Illuminate\\Pipeline\\Pipeline.php(103): Illuminate\\Pipeline\\Pipeline->Illuminate\\Pipeline\\{closure}(Object(Illuminate\\Http\\Request))
#21 C:\\laragon\\www\\laravue\\vendor\\laravel\\framework\\src\\Illuminate\\Routing\\Router.php(687): Illuminate\\Pipeline\\Pipeline->then(Object(Closure))
#22 C:\\laragon\\www\\laravue\\vendor\\laravel\\framework\\src\\Illuminate\\Routing\\Router.php(662): Illuminate\\Routing\\Router->runRouteWithinStack(Object(Illuminate\\Routing\\Route), Object(Illuminate\\Http\\Request))
#23 C:\\laragon\\www\\laravue\\vendor\\laravel\\framework\\src\\Illuminate\\Routing\\Router.php(628): Illuminate\\Routing\\Router->runRoute(Object(Illuminate\\Http\\Request), Object(Illuminate\\Routing\\Route))
#24 C:\\laragon\\www\\laravue\\vendor\\laravel\\framework\\src\\Illuminate\\Routing\\Router.php(617): Illuminate\\Routing\\Router->dispatchToRoute(Object(Illuminate\\Http\\Request))
#25 C:\\laragon\\www\\laravue\\vendor\\laravel\\framework\\src\\Illuminate\\Foundation\\Http\\Kernel.php(165): Illuminate\\Routing\\Router->dispatch(Object(Illuminate\\Http\\Request))
#26 C:\\laragon\\www\\laravue\\vendor\\laravel\\framework\\src\\Illuminate\\Pipeline\\Pipeline.php(128): Illuminate\\Foundation\\Http\\Kernel->Illuminate\\Foundation\\Http\\{closure}(Object(Illuminate\\Http\\Request))
#27 C:\\laragon\\www\\laravue\\vendor\\laravel\\framework\\src\\Illuminate\\Foundation\\Http\\Middleware\\TransformsRequest.php(21): Illuminate\\Pipeline\\Pipeline->Illuminate\\Pipeline\\{closure}(Object(Illuminate\\Http\\Request))
#28 C:\\laragon\\www\\laravue\\vendor\\laravel\\framework\\src\\Illuminate\\Pipeline\\Pipeline.php(167): Illuminate\\Foundation\\Http\\Middleware\\TransformsRequest->handle(Object(Illuminate\\Http\\Request), Object(Closure))
#29 C:\\laragon\\www\\laravue\\vendor\\laravel\\framework\\src\\Illuminate\\Foundation\\Http\\Middleware\\TransformsRequest.php(21): Illuminate\\Pipeline\\Pipeline->Illuminate\\Pipeline\\{closure}(Object(Illuminate\\Http\\Request))
#30 C:\\laragon\\www\\laravue\\vendor\\laravel\\framework\\src\\Illuminate\\Pipeline\\Pipeline.php(167): Illuminate\\Foundation\\Http\\Middleware\\TransformsRequest->handle(Object(Illuminate\\Http\\Request), Object(Closure))
#31 C:\\laragon\\www\\laravue\\vendor\\laravel\\framework\\src\\Illuminate\\Foundation\\Http\\Middleware\\ValidatePostSize.php(27): Illuminate\\Pipeline\\Pipeline->Illuminate\\Pipeline\\{closure}(Object(Illuminate\\Http\\Request))
#32 C:\\laragon\\www\\laravue\\vendor\\laravel\\framework\\src\\Illuminate\\Pipeline\\Pipeline.php(167): Illuminate\\Foundation\\Http\\Middleware\\ValidatePostSize->handle(Object(Illuminate\\Http\\Request), Object(Closure))
#33 C:\\laragon\\www\\laravue\\vendor\\laravel\\framework\\src\\Illuminate\\Foundation\\Http\\Middleware\\CheckForMaintenanceMode.php(63): Illuminate\\Pipeline\\Pipeline->Illuminate\\Pipeline\\{closure}(Object(Illuminate\\Http\\Request))
#34 C:\\laragon\\www\\laravue\\vendor\\laravel\\framework\\src\\Illuminate\\Pipeline\\Pipeline.php(167): Illuminate\\Foundation\\Http\\Middleware\\CheckForMaintenanceMode->handle(Object(Illuminate\\Http\\Request), Object(Closure))
#35 C:\\laragon\\www\\laravue\\vendor\\fruitcake\\laravel-cors\\src\\HandleCors.php(37): Illuminate\\Pipeline\\Pipeline->Illuminate\\Pipeline\\{closure}(Object(Illuminate\\Http\\Request))
#36 C:\\laragon\\www\\laravue\\vendor\\laravel\\framework\\src\\Illuminate\\Pipeline\\Pipeline.php(167): Fruitcake\\Cors\\HandleCors->handle(Object(Illuminate\\Http\\Request), Object(Closure))
#37 C:\\laragon\\www\\laravue\\vendor\\fideloper\\proxy\\src\\TrustProxies.php(57): Illuminate\\Pipeline\\Pipeline->Illuminate\\Pipeline\\{closure}(Object(Illuminate\\Http\\Request))
#38 C:\\laragon\\www\\laravue\\vendor\\laravel\\framework\\src\\Illuminate\\Pipeline\\Pipeline.php(167): Fideloper\\Proxy\\TrustProxies->handle(Object(Illuminate\\Http\\Request), Object(Closure))
#39 C:\\laragon\\www\\laravue\\vendor\\laravel\\framework\\src\\Illuminate\\Pipeline\\Pipeline.php(103): Illuminate\\Pipeline\\Pipeline->Illuminate\\Pipeline\\{closure}(Object(Illuminate\\Http\\Request))
#40 C:\\laragon\\www\\laravue\\vendor\\laravel\\framework\\src\\Illuminate\\Foundation\\Http\\Kernel.php(140): Illuminate\\Pipeline\\Pipeline->then(Object(Closure))
#41 C:\\laragon\\www\\laravue\\vendor\\laravel\\framework\\src\\Illuminate\\Foundation\\Http\\Kernel.php(109): Illuminate\\Foundation\\Http\\Kernel->sendRequestThroughRouter(Object(Illuminate\\Http\\Request))
#42 C:\\laragon\\www\\laravue\\public\\index.php(55): Illuminate\\Foundation\\Http\\Kernel->handle(Object(Illuminate\\Http\\Request))
#43 {main}
"} 
[2020-05-24 15:30:26] production.ERROR: No application encryption key has been specified. {"exception":"[object] (RuntimeException(code: 0): No application encryption key has been specified. at C:\\laragon\\www\\laravue\\vendor\\laravel\\framework\\src\\Illuminate\\Encryption\\EncryptionServiceProvider.php:80)
[stacktrace]
#0 C:\\laragon\\www\\laravue\\vendor\\laravel\\framework\\src\\Illuminate\\Support\\helpers.php(433): Illuminate\\Encryption\\EncryptionServiceProvider->Illuminate\\Encryption\\{closure}(NULL)
#1 C:\\laragon\\www\\laravue\\vendor\\laravel\\framework\\src\\Illuminate\\Encryption\\EncryptionServiceProvider.php(84): tap(NULL, Object(Closure))
#2 C:\\laragon\\www\\laravue\\vendor\\laravel\\framework\\src\\Illuminate\\Encryption\\EncryptionServiceProvider.php(61): Illuminate\\Encryption\\EncryptionServiceProvider->key(Array)
#3 C:\\laragon\\www\\laravue\\vendor\\laravel\\framework\\src\\Illuminate\\Encryption\\EncryptionServiceProvider.php(33): Illuminate\\Encryption\\EncryptionServiceProvider->parseKey(Array)
#4 C:\\laragon\\www\\laravue\\vendor\\laravel\\framework\\src\\Illuminate\\Container\\Container.php(801): Illuminate\\Encryption\\EncryptionServiceProvider->Illuminate\\Encryption\\{closure}(Object(Illuminate\\Foundation\\Application), Array)
#5 C:\\laragon\\www\\laravue\\vendor\\laravel\\framework\\src\\Illuminate\\Container\\Container.php(687): Illuminate\\Container\\Container->build(Object(Closure))
#6 C:\\laragon\\www\\laravue\\vendor\\laravel\\framework\\src\\Illuminate\\Foundation\\Application.php(796): Illuminate\\Container\\Container->resolve('encrypter', Array, true)
#7 C:\\laragon\\www\\laravue\\vendor\\laravel\\framework\\src\\Illuminate\\Container\\Container.php(633): Illuminate\\Foundation\\Application->resolve('encrypter', Array)
#8 C:\\laragon\\www\\laravue\\vendor\\laravel\\framework\\src\\Illuminate\\Foundation\\Application.php(781): Illuminate\\Container\\Container->make('encrypter', Array)
#9 C:\\laragon\\www\\laravue\\vendor\\laravel\\framework\\src\\Illuminate\\Container\\Container.php(955): Illuminate\\Foundation\\Application->make('encrypter')
#10 C:\\laragon\\www\\laravue\\vendor\\laravel\\framework\\src\\Illuminate\\Container\\Container.php(875): Illuminate\\Container\\Container->resolveClass(Object(ReflectionParameter))
#11 C:\\laragon\\www\\laravue\\vendor\\laravel\\framework\\src\\Illuminate\\Container\\Container.php(836): Illuminate\\Container\\Container->resolveDependencies(Array)
#12 C:\\laragon\\www\\laravue\\vendor\\laravel\\framework\\src\\Illuminate\\Container\\Container.php(687): Illuminate\\Container\\Container->build('App\\\\Http\\\\Middle...')
#13 C:\\laragon\\www\\laravue\\vendor\\laravel\\framework\\src\\Illuminate\\Foundation\\Application.php(796): Illuminate\\Container\\Container->resolve('App\\\\Http\\\\Middle...', Array, true)
#14 C:\\laragon\\www\\laravue\\vendor\\laravel\\framework\\src\\Illuminate\\Container\\Container.php(633): Illuminate\\Foundation\\Application->resolve('App\\\\Http\\\\Middle...', Array)
#15 C:\\laragon\\www\\laravue\\vendor\\laravel\\framework\\src\\Illuminate\\Foundation\\Application.php(781): Illuminate\\Container\\Container->make('App\\\\Http\\\\Middle...', Array)
#16 C:\\laragon\\www\\laravue\\vendor\\laravel\\framework\\src\\Illuminate\\Pipeline\\Pipeline.php(156): Illuminate\\Foundation\\Application->make('App\\\\Http\\\\Middle...')
#17 C:\\laragon\\www\\laravue\\vendor\\laravel\\framework\\src\\Illuminate\\Pipeline\\Pipeline.php(103): Illuminate\\Pipeline\\Pipeline->Illuminate\\Pipeline\\{closure}(Object(Illuminate\\Http\\Request))
#18 C:\\laragon\\www\\laravue\\vendor\\laravel\\framework\\src\\Illuminate\\Routing\\Router.php(687): Illuminate\\Pipeline\\Pipeline->then(Object(Closure))
#19 C:\\laragon\\www\\laravue\\vendor\\laravel\\framework\\src\\Illuminate\\Routing\\Router.php(662): Illuminate\\Routing\\Router->runRouteWithinStack(Object(Illuminate\\Routing\\Route), Object(Illuminate\\Http\\Request))
#20 C:\\laragon\\www\\laravue\\vendor\\laravel\\framework\\src\\Illuminate\\Routing\\Router.php(628): Illuminate\\Routing\\Router->runRoute(Object(Illuminate\\Http\\Request), Object(Illuminate\\Routing\\Route))
#21 C:\\laragon\\www\\laravue\\vendor\\laravel\\framework\\src\\Illuminate\\Routing\\Router.php(617): Illuminate\\Routing\\Router->dispatchToRoute(Object(Illuminate\\Http\\Request))
#22 C:\\laragon\\www\\laravue\\vendor\\laravel\\framework\\src\\Illuminate\\Foundation\\Http\\Kernel.php(165): Illuminate\\Routing\\Router->dispatch(Object(Illuminate\\Http\\Request))
#23 C:\\laragon\\www\\laravue\\vendor\\laravel\\framework\\src\\Illuminate\\Pipeline\\Pipeline.php(128): Illuminate\\Foundation\\Http\\Kernel->Illuminate\\Foundation\\Http\\{closure}(Object(Illuminate\\Http\\Request))
#24 C:\\laragon\\www\\laravue\\vendor\\laravel\\framework\\src\\Illuminate\\Foundation\\Http\\Middleware\\TransformsRequest.php(21): Illuminate\\Pipeline\\Pipeline->Illuminate\\Pipeline\\{closure}(Object(Illuminate\\Http\\Request))
#25 C:\\laragon\\www\\laravue\\vendor\\laravel\\framework\\src\\Illuminate\\Pipeline\\Pipeline.php(167): Illuminate\\Foundation\\Http\\Middleware\\TransformsRequest->handle(Object(Illuminate\\Http\\Request), Object(Closure))
#26 C:\\laragon\\www\\laravue\\vendor\\laravel\\framework\\src\\Illuminate\\Foundation\\Http\\Middleware\\TransformsRequest.php(21): Illuminate\\Pipeline\\Pipeline->Illuminate\\Pipeline\\{closure}(Object(Illuminate\\Http\\Request))
#27 C:\\laragon\\www\\laravue\\vendor\\laravel\\framework\\src\\Illuminate\\Pipeline\\Pipeline.php(167): Illuminate\\Foundation\\Http\\Middleware\\TransformsRequest->handle(Object(Illuminate\\Http\\Request), Object(Closure))
#28 C:\\laragon\\www\\laravue\\vendor\\laravel\\framework\\src\\Illuminate\\Foundation\\Http\\Middleware\\ValidatePostSize.php(27): Illuminate\\Pipeline\\Pipeline->Illuminate\\Pipeline\\{closure}(Object(Illuminate\\Http\\Request))
#29 C:\\laragon\\www\\laravue\\vendor\\laravel\\framework\\src\\Illuminate\\Pipeline\\Pipeline.php(167): Illuminate\\Foundation\\Http\\Middleware\\ValidatePostSize->handle(Object(Illuminate\\Http\\Request), Object(Closure))
#30 C:\\laragon\\www\\laravue\\vendor\\laravel\\framework\\src\\Illuminate\\Foundation\\Http\\Middleware\\CheckForMaintenanceMode.php(63): Illuminate\\Pipeline\\Pipeline->Illuminate\\Pipeline\\{closure}(Object(Illuminate\\Http\\Request))
#31 C:\\laragon\\www\\laravue\\vendor\\laravel\\framework\\src\\Illuminate\\Pipeline\\Pipeline.php(167): Illuminate\\Foundation\\Http\\Middleware\\CheckForMaintenanceMode->handle(Object(Illuminate\\Http\\Request), Object(Closure))
#32 C:\\laragon\\www\\laravue\\vendor\\fruitcake\\laravel-cors\\src\\HandleCors.php(37): Illuminate\\Pipeline\\Pipeline->Illuminate\\Pipeline\\{closure}(Object(Illuminate\\Http\\Request))
#33 C:\\laragon\\www\\laravue\\vendor\\laravel\\framework\\src\\Illuminate\\Pipeline\\Pipeline.php(167): Fruitcake\\Cors\\HandleCors->handle(Object(Illuminate\\Http\\Request), Object(Closure))
#34 C:\\laragon\\www\\laravue\\vendor\\fideloper\\proxy\\src\\TrustProxies.php(57): Illuminate\\Pipeline\\Pipeline->Illuminate\\Pipeline\\{closure}(Object(Illuminate\\Http\\Request))
#35 C:\\laragon\\www\\laravue\\vendor\\laravel\\framework\\src\\Illuminate\\Pipeline\\Pipeline.php(167): Fideloper\\Proxy\\TrustProxies->handle(Object(Illuminate\\Http\\Request), Object(Closure))
#36 C:\\laragon\\www\\laravue\\vendor\\laravel\\framework\\src\\Illuminate\\Pipeline\\Pipeline.php(103): Illuminate\\Pipeline\\Pipeline->Illuminate\\Pipeline\\{closure}(Object(Illuminate\\Http\\Request))
#37 C:\\laragon\\www\\laravue\\vendor\\laravel\\framework\\src\\Illuminate\\Foundation\\Http\\Kernel.php(140): Illuminate\\Pipeline\\Pipeline->then(Object(Closure))
#38 C:\\laragon\\www\\laravue\\vendor\\laravel\\framework\\src\\Illuminate\\Foundation\\Http\\Kernel.php(109): Illuminate\\Foundation\\Http\\Kernel->sendRequestThroughRouter(Object(Illuminate\\Http\\Request))
#39 C:\\laragon\\www\\laravue\\public\\index.php(55): Illuminate\\Foundation\\Http\\Kernel->handle(Object(Illuminate\\Http\\Request))
#40 {main}
"} 
[2020-05-24 15:30:26] production.ERROR: No application encryption key has been specified. {"exception":"[object] (RuntimeException(code: 0): No application encryption key has been specified. at C:\\laragon\\www\\laravue\\vendor\\laravel\\framework\\src\\Illuminate\\Encryption\\EncryptionServiceProvider.php:80)
[stacktrace]
#0 C:\\laragon\\www\\laravue\\vendor\\laravel\\framework\\src\\Illuminate\\Support\\helpers.php(433): Illuminate\\Encryption\\EncryptionServiceProvider->Illuminate\\Encryption\\{closure}(NULL)
#1 C:\\laragon\\www\\laravue\\vendor\\laravel\\framework\\src\\Illuminate\\Encryption\\EncryptionServiceProvider.php(84): tap(NULL, Object(Closure))
#2 C:\\laragon\\www\\laravue\\vendor\\laravel\\framework\\src\\Illuminate\\Encryption\\EncryptionServiceProvider.php(61): Illuminate\\Encryption\\EncryptionServiceProvider->key(Array)
#3 C:\\laragon\\www\\laravue\\vendor\\laravel\\framework\\src\\Illuminate\\Encryption\\EncryptionServiceProvider.php(33): Illuminate\\Encryption\\EncryptionServiceProvider->parseKey(Array)
#4 C:\\laragon\\www\\laravue\\vendor\\laravel\\framework\\src\\Illuminate\\Container\\Container.php(801): Illuminate\\Encryption\\EncryptionServiceProvider->Illuminate\\Encryption\\{closure}(Object(Illuminate\\Foundation\\Application), Array)
#5 C:\\laragon\\www\\laravue\\vendor\\laravel\\framework\\src\\Illuminate\\Container\\Container.php(687): Illuminate\\Container\\Container->build(Object(Closure))
#6 C:\\laragon\\www\\laravue\\vendor\\laravel\\framework\\src\\Illuminate\\Foundation\\Application.php(796): Illuminate\\Container\\Container->resolve('encrypter', Array, true)
#7 C:\\laragon\\www\\laravue\\vendor\\laravel\\framework\\src\\Illuminate\\Container\\Container.php(633): Illuminate\\Foundation\\Application->resolve('encrypter', Array)
#8 C:\\laragon\\www\\laravue\\vendor\\laravel\\framework\\src\\Illuminate\\Foundation\\Application.php(781): Illuminate\\Container\\Container->make('encrypter', Array)
#9 C:\\laragon\\www\\laravue\\vendor\\laravel\\framework\\src\\Illuminate\\Container\\Container.php(955): Illuminate\\Foundation\\Application->make('encrypter')
#10 C:\\laragon\\www\\laravue\\vendor\\laravel\\framework\\src\\Illuminate\\Container\\Container.php(875): Illuminate\\Container\\Container->resolveClass(Object(ReflectionParameter))
#11 C:\\laragon\\www\\laravue\\vendor\\laravel\\framework\\src\\Illuminate\\Container\\Container.php(836): Illuminate\\Container\\Container->resolveDependencies(Array)
#12 C:\\laragon\\www\\laravue\\vendor\\laravel\\framework\\src\\Illuminate\\Container\\Container.php(687): Illuminate\\Container\\Container->build('App\\\\Http\\\\Middle...')
#13 C:\\laragon\\www\\laravue\\vendor\\laravel\\framework\\src\\Illuminate\\Foundation\\Application.php(796): Illuminate\\Container\\Container->resolve('App\\\\Http\\\\Middle...', Array, true)
#14 C:\\laragon\\www\\laravue\\vendor\\laravel\\framework\\src\\Illuminate\\Container\\Container.php(633): Illuminate\\Foundation\\Application->resolve('App\\\\Http\\\\Middle...', Array)
#15 C:\\laragon\\www\\laravue\\vendor\\laravel\\framework\\src\\Illuminate\\Foundation\\Application.php(781): Illuminate\\Container\\Container->make('App\\\\Http\\\\Middle...', Array)
#16 C:\\laragon\\www\\laravue\\vendor\\laravel\\framework\\src\\Illuminate\\Foundation\\Http\\Kernel.php(204): Illuminate\\Foundation\\Application->make('App\\\\Http\\\\Middle...')
#17 C:\\laragon\\www\\laravue\\vendor\\laravel\\framework\\src\\Illuminate\\Foundation\\Http\\Kernel.php(178): Illuminate\\Foundation\\Http\\Kernel->terminateMiddleware(Object(Illuminate\\Http\\Request), Object(Illuminate\\Http\\JsonResponse))
#18 C:\\laragon\\www\\laravue\\public\\index.php(60): Illuminate\\Foundation\\Http\\Kernel->terminate(Object(Illuminate\\Http\\Request), Object(Illuminate\\Http\\JsonResponse))
#19 {main}
"} 
[2020-05-24 15:30:26] production.ERROR: No application encryption key has been specified. {"exception":"[object] (RuntimeException(code: 0): No application encryption key has been specified. at C:\\laragon\\www\\laravue\\vendor\\laravel\\framework\\src\\Illuminate\\Encryption\\EncryptionServiceProvider.php:80)
[stacktrace]
#0 C:\\laragon\\www\\laravue\\vendor\\laravel\\framework\\src\\Illuminate\\Support\\helpers.php(433): Illuminate\\Encryption\\EncryptionServiceProvider->Illuminate\\Encryption\\{closure}(NULL)
#1 C:\\laragon\\www\\laravue\\vendor\\laravel\\framework\\src\\Illuminate\\Encryption\\EncryptionServiceProvider.php(84): tap(NULL, Object(Closure))
#2 C:\\laragon\\www\\laravue\\vendor\\laravel\\framework\\src\\Illuminate\\Encryption\\EncryptionServiceProvider.php(61): Illuminate\\Encryption\\EncryptionServiceProvider->key(Array)
#3 C:\\laragon\\www\\laravue\\vendor\\laravel\\framework\\src\\Illuminate\\Encryption\\EncryptionServiceProvider.php(33): Illuminate\\Encryption\\EncryptionServiceProvider->parseKey(Array)
#4 C:\\laragon\\www\\laravue\\vendor\\laravel\\framework\\src\\Illuminate\\Container\\Container.php(801): Illuminate\\Encryption\\EncryptionServiceProvider->Illuminate\\Encryption\\{closure}(Object(Illuminate\\Foundation\\Application), Array)
#5 C:\\laragon\\www\\laravue\\vendor\\laravel\\framework\\src\\Illuminate\\Container\\Container.php(687): Illuminate\\Container\\Container->build(Object(Closure))
#6 C:\\laragon\\www\\laravue\\vendor\\laravel\\framework\\src\\Illuminate\\Foundation\\Application.php(796): Illuminate\\Container\\Container->resolve('encrypter', Array, true)
#7 C:\\laragon\\www\\laravue\\vendor\\laravel\\framework\\src\\Illuminate\\Container\\Container.php(633): Illuminate\\Foundation\\Application->resolve('encrypter', Array)
#8 C:\\laragon\\www\\laravue\\vendor\\laravel\\framework\\src\\Illuminate\\Foundation\\Application.php(781): Illuminate\\Container\\Container->make('encrypter', Array)
#9 C:\\laragon\\www\\laravue\\vendor\\laravel\\framework\\src\\Illuminate\\Container\\Container.php(955): Illuminate\\Foundation\\Application->make('encrypter')
#10 C:\\laragon\\www\\laravue\\vendor\\laravel\\framework\\src\\Illuminate\\Container\\Container.php(875): Illuminate\\Container\\Container->resolveClass(Object(ReflectionParameter))
#11 C:\\laragon\\www\\laravue\\vendor\\laravel\\framework\\src\\Illuminate\\Container\\Container.php(836): Illuminate\\Container\\Container->resolveDependencies(Array)
#12 C:\\laragon\\www\\laravue\\vendor\\laravel\\framework\\src\\Illuminate\\Container\\Container.php(687): Illuminate\\Container\\Container->build('App\\\\Http\\\\Middle...')
#13 C:\\laragon\\www\\laravue\\vendor\\laravel\\framework\\src\\Illuminate\\Foundation\\Application.php(796): Illuminate\\Container\\Container->resolve('App\\\\Http\\\\Middle...', Array, true)
#14 C:\\laragon\\www\\laravue\\vendor\\laravel\\framework\\src\\Illuminate\\Container\\Container.php(633): Illuminate\\Foundation\\Application->resolve('App\\\\Http\\\\Middle...', Array)
#15 C:\\laragon\\www\\laravue\\vendor\\laravel\\framework\\src\\Illuminate\\Foundation\\Application.php(781): Illuminate\\Container\\Container->make('App\\\\Http\\\\Middle...', Array)
#16 C:\\laragon\\www\\laravue\\vendor\\laravel\\framework\\src\\Illuminate\\Foundation\\Http\\Kernel.php(204): Illuminate\\Foundation\\Application->make('App\\\\Http\\\\Middle...')
#17 C:\\laragon\\www\\laravue\\vendor\\laravel\\framework\\src\\Illuminate\\Foundation\\Http\\Kernel.php(178): Illuminate\\Foundation\\Http\\Kernel->terminateMiddleware(Object(Illuminate\\Http\\Request), Object(Illuminate\\Http\\JsonResponse))
#18 C:\\laragon\\www\\laravue\\public\\index.php(60): Illuminate\\Foundation\\Http\\Kernel->terminate(Object(Illuminate\\Http\\Request), Object(Illuminate\\Http\\JsonResponse))
#19 {main}
"} 
